<?xml version="1.0" encoding="UTF-8"?>
<!-- Generated by org.testng.reporters.JUnitReportReporter -->
<testsuite skipped="1" hostname="DESKTOP-U8UDBFC" name="testng.day1.LearnTestngAttributes" tests="7" failures="0" timestamp="2020-09-05T18:53:54 IST" time="0.039" errors="0">
  <testcase name="createLead" time="0.006" classname="testng.day1.LearnTestngAttributes"/>
  <system-out/>
  <testcase name="createLead" time="0.004" classname="testng.day1.LearnTestngAttributes"/>
  <system-out/>
  <testcase name="createLead" time="0.016" classname="testng.day1.LearnTestngAttributes"/>
  <system-out/>
  <testcase name="createLead" time="0.002" classname="testng.day1.LearnTestngAttributes"/>
  <system-out/>
  <testcase name="createLead" time="0.008" classname="testng.day1.LearnTestngAttributes"/>
  <system-out/>
  <testcase name="deleteLead" time="0.003" classname="testng.day1.LearnTestngAttributes"/>
  <system-out/>
  <testcase name="editLead" classname="testng.day1.LearnTestngAttributes">
    <skipped/>
  </testcase> <!-- editLead -->
  <system-out/>
</testsuite> <!-- testng.day1.LearnTestngAttributes -->
