<?xml version="1.0" encoding="UTF-8"?>
<!-- Generated by org.testng.reporters.JUnitReportReporter -->
<testsuite skipped="0" hostname="DESKTOP-U8UDBFC" name="runner.RunLogin" tests="4" failures="0" timestamp="2020-09-13T15:17:07 IST" time="36.879" errors="0">
  <testcase name="runScenario" time="13.519" classname="runner.RunLogin"/>
  <system-out/>
  <testcase name="runScenario" time="6.819" classname="runner.RunLogin"/>
  <system-out/>
  <testcase name="runScenario" time="9.725" classname="runner.RunLogin"/>
  <system-out/>
  <testcase name="runScenario" time="6.816" classname="runner.RunLogin"/>
  <system-out/>
</testsuite> <!-- runner.RunLogin -->
