<?xml version="1.0" encoding="UTF-8"?>
<!-- Generated by org.testng.reporters.JUnitReportReporter -->
<testsuite skipped="0" hostname="DESKTOP-U8UDBFC" name="testcase.CreateLead" tests="3" failures="0" timestamp="2020-09-10T20:48:55 IST" time="203.666" errors="0">
  <testcase name="runCreateLead" time="65.836" classname="testcase.CreateLead"/>
  <system-out/>
  <testcase name="runCreateLead" time="68.915" classname="testcase.CreateLead"/>
  <system-out/>
  <testcase name="runCreateLead" time="68.915" classname="testcase.CreateLead"/>
  <system-out/>
</testsuite> <!-- testcase.CreateLead -->
