<?xml version="1.0" encoding="UTF-8"?>
<!-- Generated by org.testng.reporters.JUnitReportReporter -->
<testsuite skipped="1" hostname="DESKTOP-U8UDBFC" name="testng.day3.Test1" tests="2" failures="0" timestamp="2020-09-13T16:50:14 IST" time="0.763" errors="0">
  <testcase name="createLead" time="0.509" classname="testng.day3.Test1">
    <skipped/>
  </testcase> <!-- createLead -->
  <system-out/>
  <testcase name="createLead" time="0.254" classname="testng.day3.Test1"/>
  <system-out/>
</testsuite> <!-- testng.day3.Test1 -->
