<?xml version="1.0" encoding="UTF-8"?>
<!-- Generated by org.testng.reporters.JUnitReportReporter -->
<testsuite skipped="0" hostname="DESKTOP-U8UDBFC" name="testcase.EditLead" tests="2" failures="0" timestamp="2020-09-06T18:49:20 IST" time="50.108" errors="0">
  <testcase name="runEditLead" time="28.126" classname="testcase.EditLead"/>
  <system-out/>
  <testcase name="runEditLead" time="21.982" classname="testcase.EditLead"/>
  <system-out/>
</testsuite> <!-- testcase.EditLead -->
