<?xml version="1.0" encoding="UTF-8"?>
<!-- Generated by org.testng.reporters.JUnitReportReporter -->
<testsuite skipped="0" hostname="DESKTOP-U8UDBFC" name="testng.day2.NewLearnDependency" tests="1" failures="0" timestamp="2020-09-06T15:10:45 IST" time="0.013" errors="0">
  <testcase name="deleteLead" time="0.013" classname="testng.day2.NewLearnDependency"/>
  <system-out/>
</testsuite> <!-- testng.day2.NewLearnDependency -->
