<?xml version="1.0" encoding="UTF-8"?>
<!-- Generated by org.testng.reporters.JUnitReportReporter -->
<testsuite skipped="0" hostname="DESKTOP-U8UDBFC" name="testng.day3.Test2" tests="1" failures="0" timestamp="2020-09-13T16:50:14 IST" time="0.011" errors="0">
  <testcase name="editLead" time="0.011" classname="testng.day3.Test2"/>
  <system-out/>
</testsuite> <!-- testng.day3.Test2 -->
