<?xml version="1.0" encoding="UTF-8"?>
<!-- Generated by org.testng.reporters.JUnitReportReporter -->
<testsuite skipped="0" hostname="DESKTOP-U8UDBFC" name="testng.day1.TestCase1" tests="2" failures="0" timestamp="2020-09-05T18:05:48 IST" time="0.015" errors="0">
  <testcase name="test2" time="0.007" classname="testng.day1.TestCase1"/>
  <system-out/>
  <testcase name="test1" time="0.008" classname="testng.day1.TestCase1"/>
  <system-out/>
</testsuite> <!-- testng.day1.TestCase1 -->
