<?xml version="1.0" encoding="UTF-8"?>
<!-- Generated by org.testng.reporters.JUnitReportReporter -->
<testsuite skipped="0" hostname="DESKTOP-U8UDBFC" name="testng.day1.LearnTestngAnnotations" tests="2" failures="0" timestamp="2020-09-05T17:43:25 IST" time="0.014" errors="0">
  <testcase name="testcase2" time="0.008" classname="testng.day1.LearnTestngAnnotations"/>
  <system-out/>
  <testcase name="testcase1" time="0.006" classname="testng.day1.LearnTestngAnnotations"/>
  <system-out/>
</testsuite> <!-- testng.day1.LearnTestngAnnotations -->
